<?xml version="1.0" encoding="UTF-8"?>
<!-- Generated by org.testng.reporters.JUnitReportReporter -->
<testsuite hostname="DESKTOP-BPC4G7D" name="testnggg.NewTest25" tests="2" failures="0" timestamp="25 May 2019 03:07:51 GMT" time="34.355" errors="0">
  <testcase name="f" time="21.371" classname="testnggg.NewTest25"/>
  <testcase name="f" time="12.984" classname="testnggg.NewTest25"/>
</testsuite> <!-- testnggg.NewTest25 -->
