<?xml version="1.0" encoding="UTF-8"?>
<!-- Generated by org.testng.reporters.JUnitReportReporter -->
<testsuite hostname="DESKTOP-BPC4G7D" name="testnggg.NewTest111" tests="2" failures="0" timestamp="25 May 2019 05:02:16 GMT" time="25.526" errors="0">
  <testcase name="f" time="9.170" classname="testnggg.NewTest111"/>
  <testcase name="f" time="16.356" classname="testnggg.NewTest111"/>
</testsuite> <!-- testnggg.NewTest111 -->
