<?xml version="1.0" encoding="UTF-8"?>
<!-- Generated by org.testng.reporters.JUnitReportReporter -->
<testsuite hostname="DESKTOP-BPC4G7D" name="testnggg.NewTest1" tests="2" failures="0" timestamp="21 May 2019 15:08:36 GMT" time="18.438" errors="0">
  <testcase name="f" time="8.769" classname="testnggg.NewTest1"/>
  <testcase name="f" time="9.669" classname="testnggg.NewTest1"/>
</testsuite> <!-- testnggg.NewTest1 -->
